<?xml version="1.0" encoding="UTF-8"?>
<testng-results ignored="0" total="1" passed="1" failed="0" skipped="0">
  <reporter-output>
  </reporter-output>
  <suite started-at="2023-04-13T15:17:55 GST" name="Default suite" finished-at="2023-04-13T15:17:55 GST" duration-ms="55">
    <groups>
    </groups>
    <test started-at="2023-04-13T15:17:55 GST" name="Default test" finished-at="2023-04-13T15:17:55 GST" duration-ms="55">
      <class name="sample.Demo2">
        <test-method signature="demo()[pri:0, instance:sample.Demo2@769e7ee8]" started-at="2023-04-13T15:17:55 GST" name="demo" finished-at="2023-04-13T15:17:55 GST" duration-ms="12" status="PASS">
          <reporter-output>
          </reporter-output>
        </test-method> <!-- demo -->
      </class> <!-- sample.Demo2 -->
    </test> <!-- Default test -->
  </suite> <!-- Default suite -->
</testng-results>
